

Microchip MPLAB XC8 Assembler V2.10 build 88905656 
                                                                                               Fri Feb 19 10:22:15 2021

Microchip MPLAB XC8 C Compiler v2.10 (Free license) build 20190730164152 Og1 
     1                           	processor	16F628A
     2                           	opt	pw 120
     3                           	opt	flic
     4                           	psect	cinit,global,class=CODE,merge=1,delta=2
     5                           	psect	cstackCOMMON,global,class=COMMON,space=1,delta=1
     6                           	psect	cstackBANK0,global,class=BANK0,space=1,delta=1
     7                           	psect	maintext,global,class=CODE,split=1,delta=2
     8                           	psect	text1,local,class=CODE,merge=1,delta=2
     9                           	psect	text2,local,class=CODE,merge=1,delta=2,group=1
    10                           	psect	text3,local,class=CODE,merge=1,delta=2,group=1
    11                           	dabs	1,0x7E,2
    12  0000                     
    13                           ; Version 2.10
    14                           ; Generated 31/07/2019 GMT
    15                           ; 
    16                           ; Copyright © 2019, Microchip Technology Inc. and its subsidiaries ("Microchip")
    17                           ; All rights reserved.
    18                           ; 
    19                           ; This software is developed by Microchip Technology Inc. and its subsidiaries ("Microch
      +                          ip").
    20                           ; 
    21                           ; Redistribution and use in source and binary forms, with or without modification, are
    22                           ; permitted provided that the following conditions are met:
    23                           ; 
    24                           ;     1. Redistributions of source code must retain the above copyright notice, this lis
      +                          t of
    25                           ;        conditions and the following disclaimer.
    26                           ; 
    27                           ;     2. Redistributions in binary form must reproduce the above copyright notice, this 
      +                          list
    28                           ;        of conditions and the following disclaimer in the documentation and/or other
    29                           ;        materials provided with the distribution.
    30                           ; 
    31                           ;     3. Microchip's name may not be used to endorse or promote products derived from th
      +                          is
    32                           ;        software without specific prior written permission.
    33                           ; 
    34                           ; THIS SOFTWARE IS PROVIDED BY MICROCHIP "AS IS" AND ANY EXPRESS OR IMPLIED WARRANTIES,
    35                           ; INCLUDING, BUT NOT LIMITED TO, THE IMPLIED WARRANTIES OF MERCHANTABILITY AND FITNESS F
      +                          OR
    36                           ; PURPOSE ARE DISCLAIMED.  IN NO EVENT SHALL MICROCHIP BE LIABLE FOR ANY DIRECT, INDIREC
      +                          T,
    37                           ; INCIDENTAL, SPECIAL, EXEMPLARY, OR CONSEQUENTIAL DAMAGES (INCLUDING BUT NOT LIMITED TO
    38                           ; PROCUREMENT OF SUBSTITUTE GOODS OR SERVICES; LOSS OF USE, DATA OR PROFITS; OR BUSINESS
    39                           ; INTERRUPTION) HOWSOEVER CAUSED AND ON ANY THEORY OF LIABILITY, WHETHER IN CONTRACT, ST
      +                          RICT
    40                           ; LIABILITY, OR TORT (INCLUDING NEGLIGENCE OR OTHERWISE) ARISING IN ANY WAY OUT OF THE U
      +                          SE OF
    41                           ; THIS SOFTWARE, EVEN IF ADVISED OF THE POSSIBILITY OF SUCH DAMAGE.
    42                           ; 
    43                           ; 
    44                           ; Code-generator required, PIC16F628A Definitions
    45                           ; 
    46                           ; SFR Addresses
    47  0000                     	;# 
    48  0001                     	;# 
    49  0002                     	;# 
    50  0003                     	;# 
    51  0004                     	;# 
    52  0005                     	;# 
    53  0006                     	;# 
    54  000A                     	;# 
    55  000B                     	;# 
    56  000C                     	;# 
    57  000E                     	;# 
    58  000E                     	;# 
    59  000F                     	;# 
    60  0010                     	;# 
    61  0011                     	;# 
    62  0012                     	;# 
    63  0015                     	;# 
    64  0015                     	;# 
    65  0016                     	;# 
    66  0017                     	;# 
    67  0018                     	;# 
    68  0019                     	;# 
    69  001A                     	;# 
    70  001F                     	;# 
    71  0081                     	;# 
    72  0085                     	;# 
    73  0086                     	;# 
    74  008C                     	;# 
    75  008E                     	;# 
    76  0092                     	;# 
    77  0098                     	;# 
    78  0099                     	;# 
    79  009A                     	;# 
    80  009B                     	;# 
    81  009C                     	;# 
    82  009D                     	;# 
    83  009F                     	;# 
    84  0000                     	;# 
    85  0001                     	;# 
    86  0002                     	;# 
    87  0003                     	;# 
    88  0004                     	;# 
    89  0005                     	;# 
    90  0006                     	;# 
    91  000A                     	;# 
    92  000B                     	;# 
    93  000C                     	;# 
    94  000E                     	;# 
    95  000E                     	;# 
    96  000F                     	;# 
    97  0010                     	;# 
    98  0011                     	;# 
    99  0012                     	;# 
   100  0015                     	;# 
   101  0015                     	;# 
   102  0016                     	;# 
   103  0017                     	;# 
   104  0018                     	;# 
   105  0019                     	;# 
   106  001A                     	;# 
   107  001F                     	;# 
   108  0081                     	;# 
   109  0085                     	;# 
   110  0086                     	;# 
   111  008C                     	;# 
   112  008E                     	;# 
   113  0092                     	;# 
   114  0098                     	;# 
   115  0099                     	;# 
   116  009A                     	;# 
   117  009B                     	;# 
   118  009C                     	;# 
   119  009D                     	;# 
   120  009F                     	;# 
   121  000E                     _TMR1	set	14
   122  0035                     _RB5	set	53
   123  0034                     _RB4	set	52
   124  0033                     _RB3	set	51
   125  0032                     _RB2	set	50
   126  0084                     _T1CKPS0	set	132
   127  0085                     _T1CKPS1	set	133
   128  0081                     _TMR1CS	set	129
   129  0080                     _TMR1ON	set	128
   130  0031                     _RB1	set	49
   131  0030                     _RB0	set	48
   132  0431                     _TRISB1	set	1073
   133  0435                     _TRISB5	set	1077
   134  0434                     _TRISB4	set	1076
   135  0433                     _TRISB3	set	1075
   136  0432                     _TRISB2	set	1074
   137  0430                     _TRISB0	set	1072
   138                           
   139                           ; #config settings
   140  0000                     
   141                           	psect	cinit
   142  07FE                     start_initialization:	
   143  07FE                     __initialization:	
   144  07FE                     end_of_initialization:	
   145                           ;End of C runtime variable initialization code
   146                           
   147  07FE                     __end_of__initialization:	
   148  07FE  0183               	clrf	3
   149  07FF  2F37               	ljmp	_main	;jump to C main() function
   150                           
   151                           	psect	cstackCOMMON
   152  0070                     __pcstackCOMMON:	
   153  0070                     ?_main:	
   154  0070                     ?___wmul:	
   155                           ; 1 bytes @ 0x0
   156                           
   157  0070                     ___wmul@multiplier:	
   158                           ; 2 bytes @ 0x0
   159                           
   160                           
   161                           ; 2 bytes @ 0x0
   162  0070                     	ds	2
   163  0072                     ___wmul@multiplicand:	
   164                           
   165                           ; 2 bytes @ 0x2
   166  0072                     	ds	2
   167  0074                     ??___wmul:	
   168  0074                     ___wmul@product:	
   169                           ; 1 bytes @ 0x4
   170                           
   171                           
   172                           ; 2 bytes @ 0x4
   173  0074                     	ds	2
   174  0076                     ?_calc_distance:	
   175                           
   176                           ; 2 bytes @ 0x6
   177  0076                     	ds	2
   178  0078                     ??_calc_distance:	
   179                           
   180                           ; 1 bytes @ 0x8
   181  0078                     	ds	1
   182  0079                     calc_distance@distance:	
   183                           
   184                           ; 2 bytes @ 0x9
   185  0079                     	ds	2
   186  007B                     ??___awdiv:	
   187                           
   188                           ; 1 bytes @ 0xB
   189  007B                     	ds	1
   190  007C                     main@the_distance:	
   191                           
   192                           ; 2 bytes @ 0xC
   193  007C                     	ds	2
   194                           
   195                           	psect	cstackBANK0
   196  0020                     __pcstackBANK0:	
   197  0020                     ?___awdiv:	
   198  0020                     ___awdiv@divisor:	
   199                           ; 2 bytes @ 0x0
   200                           
   201                           
   202                           ; 2 bytes @ 0x0
   203  0020                     	ds	2
   204  0022                     ___awdiv@dividend:	
   205                           
   206                           ; 2 bytes @ 0x2
   207  0022                     	ds	2
   208  0024                     ___awdiv@counter:	
   209                           
   210                           ; 1 bytes @ 0x4
   211  0024                     	ds	1
   212  0025                     ___awdiv@sign:	
   213                           
   214                           ; 1 bytes @ 0x5
   215  0025                     	ds	1
   216  0026                     ___awdiv@quotient:	
   217                           
   218                           ; 2 bytes @ 0x6
   219  0026                     	ds	2
   220  0028                     ??_main:	
   221                           
   222                           ; 1 bytes @ 0x8
   223  0028                     	ds	3
   224                           
   225                           	psect	maintext
   226  0737                     __pmaintext:	
   227 ;;
   228 ;;Main: autosize = 0, tempsize = 3, incstack = 0, save=0
   229 ;;
   230 ;; *************** function _main *****************
   231 ;; Defined at:
   232 ;;		line 41 in file "us-sensor.c"
   233 ;; Parameters:    Size  Location     Type
   234 ;;		None
   235 ;; Auto vars:     Size  Location     Type
   236 ;;  the_distance    2   12[COMMON] int 
   237 ;; Return value:  Size  Location     Type
   238 ;;                  1    wreg      void 
   239 ;; Registers used:
   240 ;;		wreg, status,2, status,0, pclath, cstack
   241 ;; Tracked objects:
   242 ;;		On entry : B00/0
   243 ;;		On exit  : 0/0
   244 ;;		Unchanged: 0/0
   245 ;; Data sizes:     COMMON   BANK0   BANK1   BANK2
   246 ;;      Params:         0       0       0       0
   247 ;;      Locals:         2       0       0       0
   248 ;;      Temps:          0       3       0       0
   249 ;;      Totals:         2       3       0       0
   250 ;;Total ram usage:        5 bytes
   251 ;; Hardware stack levels required when called:    2
   252 ;; This function calls:
   253 ;;		___awdiv
   254 ;;		_calc_distance
   255 ;; This function is called by:
   256 ;;		Startup code after reset
   257 ;; This function uses a non-reentrant model
   258 ;;
   259                           
   260                           
   261                           ;psect for function _main
   262  0737                     _main:	
   263  0737                     l837:	
   264                           ;incstack = 0
   265                           ; Regs used in _main: [wreg+status,2+status,0+pclath+cstack]
   266                           
   267                           
   268                           ;us-sensor.c: 42:         else if(the_distance==2){
   269  0737  1683               	bsf	3,5	;RP0=1, select bank1
   270  0738  1303               	bcf	3,6	;RP1=0, select bank1
   271  0739  1286               	bcf	6,5	;volatile
   272  073A  1206               	bcf	6,4	;volatile
   273  073B  1186               	bcf	6,3	;volatile
   274  073C  1106               	bcf	6,2	;volatile
   275  073D  1006               	bcf	6,0	;volatile
   276                           
   277                           ;us-sensor.c: 43:             RB3 = 1;
   278  073E  1486               	bsf	6,1	;volatile
   279                           
   280                           ;us-sensor.c: 46:         else if(the_distance==3){
   281  073F  1283               	bcf	3,5	;RP0=0, select bank0
   282  0740  1303               	bcf	3,6	;RP1=0, select bank0
   283  0741  1010               	bcf	16,0	;volatile
   284                           
   285                           ;us-sensor.c: 47:             RB4 = 1;
   286  0742  1090               	bcf	16,1	;volatile
   287                           
   288                           ;us-sensor.c: 48:             _delay((unsigned long)((50)*(20000000/4000.0)));
   289  0743  1210               	bcf	16,4	;volatile
   290  0744  1290               	bcf	16,5	;volatile
   291  0745                     l839:	
   292  0745                     l841:	
   293                           
   294                           ;us-sensor.c: 54:         else {
   295  0745  3005               	movlw	5
   296  0746  1283               	bcf	3,5	;RP0=0, select bank0
   297  0747  1303               	bcf	3,6	;RP1=0, select bank0
   298  0748  00A0               	movwf	___awdiv@divisor
   299  0749  3000               	movlw	0
   300  074A  00A1               	movwf	___awdiv@divisor+1
   301  074B  2709               	fcall	_calc_distance
   302  074C  0877               	movf	?_calc_distance+1,w
   303  074D  1283               	bcf	3,5	;RP0=0, select bank0
   304  074E  1303               	bcf	3,6	;RP1=0, select bank0
   305  074F  00A3               	movwf	___awdiv@dividend+1
   306  0750  0876               	movf	?_calc_distance,w
   307  0751  00A2               	movwf	___awdiv@dividend
   308  0752  2795               	fcall	___awdiv
   309  0753  1283               	bcf	3,5	;RP0=0, select bank0
   310  0754  1303               	bcf	3,6	;RP1=0, select bank0
   311  0755  0821               	movf	?___awdiv+1,w
   312  0756  00FD               	movwf	main@the_distance+1
   313  0757  0820               	movf	?___awdiv,w
   314  0758  00FC               	movwf	main@the_distance
   315  0759                     l843:	
   316                           
   317                           ;us-sensor.c: 55:             RB2 = RB3 = RB4 = RB5 = 0;
   318  0759  1286               	bcf	6,5	;volatile
   319  075A  1206               	bcf	6,4	;volatile
   320  075B  1186               	bcf	6,3	;volatile
   321  075C  1106               	bcf	6,2	;volatile
   322  075D                     l845:	
   323                           
   324                           ;us-sensor.c: 56:         }
   325  075D  037C               	decf	main@the_distance,w
   326  075E  047D               	iorwf	main@the_distance+1,w
   327  075F  1D03               	btfss	3,2
   328  0760  2F62               	goto	u371
   329  0761  2F63               	goto	u370
   330  0762                     u371:	
   331  0762  2F74               	goto	l851
   332  0763                     u370:	
   333  0763                     l847:	
   334                           
   335                           ;us-sensor.c: 57:     }
   336  0763  1506               	bsf	6,2	;volatile
   337  0764                     l849:	
   338                           
   339                           ;us-sensor.c: 58:     return;
   340  0764  3002               	movlw	2
   341  0765  1283               	bcf	3,5	;RP0=0, select bank0
   342  0766  1303               	bcf	3,6	;RP1=0, select bank0
   343  0767  00AA               	movwf	??_main+2
   344  0768  3045               	movlw	69
   345  0769  00A9               	movwf	??_main+1
   346  076A  30A9               	movlw	169
   347  076B  00A8               	movwf	??_main
   348  076C                     u417:	
   349  076C  0BA8               	decfsz	??_main,f
   350  076D  2F6C               	goto	u417
   351  076E  0BA9               	decfsz	??_main+1,f
   352  076F  2F6C               	goto	u417
   353  0770  0BAA               	decfsz	??_main+2,f
   354  0771  2F6C               	goto	u417
   355  0772  0000               	nop
   356                           
   357                           ;us-sensor.c: 59: }
   358  0773  2F45               	goto	l841
   359  0774                     l851:	
   360  0774  3002               	movlw	2
   361  0775  067C               	xorwf	main@the_distance,w
   362  0776  047D               	iorwf	main@the_distance+1,w
   363  0777  1D03               	btfss	3,2
   364  0778  2F7A               	goto	u381
   365  0779  2F7B               	goto	u380
   366  077A                     u381:	
   367  077A  2F7D               	goto	l857
   368  077B                     u380:	
   369  077B                     l853:	
   370  077B  1586               	bsf	6,3	;volatile
   371  077C  2F64               	goto	l849
   372  077D                     l857:	
   373  077D  3003               	movlw	3
   374  077E  067C               	xorwf	main@the_distance,w
   375  077F  047D               	iorwf	main@the_distance+1,w
   376  0780  1D03               	btfss	3,2
   377  0781  2F83               	goto	u391
   378  0782  2F84               	goto	u390
   379  0783                     u391:	
   380  0783  2F86               	goto	l863
   381  0784                     u390:	
   382  0784                     l859:	
   383  0784  1606               	bsf	6,4	;volatile
   384  0785  2F64               	goto	l849
   385  0786                     l863:	
   386  0786  3004               	movlw	4
   387  0787  067C               	xorwf	main@the_distance,w
   388  0788  047D               	iorwf	main@the_distance+1,w
   389  0789  1D03               	btfss	3,2
   390  078A  2F8C               	goto	u401
   391  078B  2F8D               	goto	u400
   392  078C                     u401:	
   393  078C  2F8F               	goto	l57
   394  078D                     u400:	
   395  078D                     l865:	
   396  078D  1686               	bsf	6,5	;volatile
   397  078E  2F64               	goto	l849
   398  078F                     l57:	
   399  078F  1286               	bcf	6,5	;volatile
   400  0790  1206               	bcf	6,4	;volatile
   401  0791  1186               	bcf	6,3	;volatile
   402  0792  1106               	bcf	6,2	;volatile
   403  0793  2F45               	goto	l841
   404  0794  2800               	ljmp	start
   405  0795                     __end_of_main:	
   406                           
   407                           	psect	text1
   408  0709                     __ptext1:	
   409 ;; *************** function _calc_distance *****************
   410 ;; Defined at:
   411 ;;		line 25 in file "us-sensor.c"
   412 ;; Parameters:    Size  Location     Type
   413 ;;		None
   414 ;; Auto vars:     Size  Location     Type
   415 ;;  distance        2    9[COMMON] int 
   416 ;; Return value:  Size  Location     Type
   417 ;;                  2    6[COMMON] int 
   418 ;; Registers used:
   419 ;;		wreg, status,2, status,0, pclath, cstack
   420 ;; Tracked objects:
   421 ;;		On entry : 0/0
   422 ;;		On exit  : 0/0
   423 ;;		Unchanged: 0/0
   424 ;; Data sizes:     COMMON   BANK0   BANK1   BANK2
   425 ;;      Params:         2       0       0       0
   426 ;;      Locals:         2       0       0       0
   427 ;;      Temps:          1       0       0       0
   428 ;;      Totals:         5       0       0       0
   429 ;;Total ram usage:        5 bytes
   430 ;; Hardware stack levels used:    1
   431 ;; Hardware stack levels required when called:    1
   432 ;; This function calls:
   433 ;;		___wmul
   434 ;; This function is called by:
   435 ;;		_main
   436 ;; This function uses a non-reentrant model
   437 ;;
   438                           
   439                           
   440                           ;psect for function _calc_distance
   441  0709                     _calc_distance:	
   442  0709                     l775:	
   443                           ;incstack = 0
   444                           ; Regs used in _calc_distance: [wreg+status,2+status,0+pclath+cstack]
   445                           
   446                           
   447                           ;us-sensor.c: 27: 
   448  0709  1283               	bcf	3,5	;RP0=0, select bank0
   449  070A  1303               	bcf	3,6	;RP1=0, select bank0
   450  070B  018E               	clrf	14	;volatile
   451  070C  018F               	clrf	15	;volatile
   452  070D                     l777:	
   453                           
   454                           ;us-sensor.c: 28:     TMR1ON = 0;
   455  070D  1406               	bsf	6,0	;volatile
   456  070E                     l779:	
   457                           
   458                           ;us-sensor.c: 29:     TMR1CS = 0;
   459  070E  3010               	movlw	16
   460  070F  00F8               	movwf	??_calc_distance
   461  0710                     u427:	
   462  0710  0BF8               	decfsz	??_calc_distance,f
   463  0711  2F10               	goto	u427
   464  0712  0000               	nop
   465  0713                     l781:	
   466                           
   467                           ;us-sensor.c: 30:     T1CKPS1 = T1CKPS0 = 0;
   468  0713  1283               	bcf	3,5	;RP0=0, select bank0
   469  0714  1303               	bcf	3,6	;RP1=0, select bank0
   470  0715  1006               	bcf	6,0	;volatile
   471                           
   472                           ;us-sensor.c: 31: 
   473  0716  2F1B               	goto	l39
   474  0717                     l40:	
   475                           
   476                           ;us-sensor.c: 32: 
   477  0717  3000               	movlw	0
   478  0718  008F               	movwf	15	;volatile
   479  0719  3001               	movlw	1
   480  071A  008E               	movwf	14	;volatile
   481  071B                     l39:	
   482                           ;us-sensor.c: 33:     int the_distance = 0;
   483                           
   484                           
   485                           ;us-sensor.c: 31: 
   486  071B  1C86               	btfss	6,1	;volatile
   487  071C  2F1E               	goto	u251
   488  071D  2F1F               	goto	u250
   489  071E                     u251:	
   490  071E  2F17               	goto	l40
   491  071F                     u250:	
   492  071F  2F22               	goto	l785
   493  0720                     l783:	
   494                           
   495                           ;us-sensor.c: 35:     while(1){
   496  0720  018E               	clrf	14	;volatile
   497  0721  018F               	clrf	15	;volatile
   498  0722                     l785:	
   499                           
   500                           ;us-sensor.c: 34: 
   501  0722  1886               	btfsc	6,1	;volatile
   502  0723  2F25               	goto	u261
   503  0724  2F26               	goto	u260
   504  0725                     u261:	
   505  0725  2F20               	goto	l783
   506  0726                     u260:	
   507  0726                     l787:	
   508                           
   509                           ;us-sensor.c: 37:         RB2 = RB3 = RB4 = RB5 = 0;
   510  0726  080F               	movf	15,w	;volatile
   511  0727  00F1               	movwf	___wmul@multiplier+1
   512  0728  080E               	movf	14,w	;volatile
   513  0729  00F0               	movwf	___wmul@multiplier
   514  072A  3000               	movlw	0
   515  072B  00F2               	movwf	___wmul@multiplicand
   516  072C  00F3               	movwf	___wmul@multiplicand+1
   517  072D  26E4               	fcall	___wmul
   518  072E  0871               	movf	?___wmul+1,w
   519  072F  00FA               	movwf	calc_distance@distance+1
   520  0730  0870               	movf	?___wmul,w
   521  0731  00F9               	movwf	calc_distance@distance
   522  0732                     l789:	
   523                           
   524                           ;us-sensor.c: 38:         if(the_distance==1){
   525  0732  087A               	movf	calc_distance@distance+1,w
   526  0733  00F7               	movwf	?_calc_distance+1
   527  0734  0879               	movf	calc_distance@distance,w
   528  0735  00F6               	movwf	?_calc_distance
   529  0736                     l45:	
   530  0736  0008               	return
   531  0737                     __end_of_calc_distance:	
   532                           
   533                           	psect	text2
   534  06E4                     __ptext2:	
   535 ;; *************** function ___wmul *****************
   536 ;; Defined at:
   537 ;;		line 15 in file "C:\Program Files (x86)\Microchip\xc8\v2.10\pic\sources\c90\common\Umul16.c"
   538 ;; Parameters:    Size  Location     Type
   539 ;;  multiplier      2    0[COMMON] unsigned int 
   540 ;;  multiplicand    2    2[COMMON] unsigned int 
   541 ;; Auto vars:     Size  Location     Type
   542 ;;  product         2    4[COMMON] unsigned int 
   543 ;; Return value:  Size  Location     Type
   544 ;;                  2    0[COMMON] unsigned int 
   545 ;; Registers used:
   546 ;;		wreg, status,2, status,0
   547 ;; Tracked objects:
   548 ;;		On entry : 0/0
   549 ;;		On exit  : 0/0
   550 ;;		Unchanged: 0/0
   551 ;; Data sizes:     COMMON   BANK0   BANK1   BANK2
   552 ;;      Params:         4       0       0       0
   553 ;;      Locals:         2       0       0       0
   554 ;;      Temps:          0       0       0       0
   555 ;;      Totals:         6       0       0       0
   556 ;;Total ram usage:        6 bytes
   557 ;; Hardware stack levels used:    1
   558 ;; This function calls:
   559 ;;		Nothing
   560 ;; This function is called by:
   561 ;;		_calc_distance
   562 ;; This function uses a non-reentrant model
   563 ;;
   564                           
   565                           
   566                           ;psect for function ___wmul
   567  06E4                     ___wmul:	
   568  06E4                     l761:	
   569                           ;incstack = 0
   570                           ; Regs used in ___wmul: [wreg+status,2+status,0]
   571                           
   572  06E4  01F4               	clrf	___wmul@product
   573  06E5  01F5               	clrf	___wmul@product+1
   574  06E6                     l763:	
   575  06E6  1C70               	btfss	___wmul@multiplier,0
   576  06E7  2EE9               	goto	u211
   577  06E8  2EEA               	goto	u210
   578  06E9                     u211:	
   579  06E9  2EF0               	goto	l147
   580  06EA                     u210:	
   581  06EA                     l765:	
   582  06EA  0872               	movf	___wmul@multiplicand,w
   583  06EB  07F4               	addwf	___wmul@product,f
   584  06EC  1803               	skipnc
   585  06ED  0AF5               	incf	___wmul@product+1,f
   586  06EE  0873               	movf	___wmul@multiplicand+1,w
   587  06EF  07F5               	addwf	___wmul@product+1,f
   588  06F0                     l147:	
   589  06F0  3001               	movlw	1
   590  06F1                     u225:	
   591  06F1  1003               	clrc
   592  06F2  0DF2               	rlf	___wmul@multiplicand,f
   593  06F3  0DF3               	rlf	___wmul@multiplicand+1,f
   594  06F4  3EFF               	addlw	-1
   595  06F5  1D03               	skipz
   596  06F6  2EF1               	goto	u225
   597  06F7                     l767:	
   598  06F7  3001               	movlw	1
   599  06F8                     u235:	
   600  06F8  1003               	clrc
   601  06F9  0CF1               	rrf	___wmul@multiplier+1,f
   602  06FA  0CF0               	rrf	___wmul@multiplier,f
   603  06FB  3EFF               	addlw	-1
   604  06FC  1D03               	skipz
   605  06FD  2EF8               	goto	u235
   606  06FE                     l769:	
   607  06FE  0870               	movf	___wmul@multiplier,w
   608  06FF  0471               	iorwf	___wmul@multiplier+1,w
   609  0700  1D03               	btfss	3,2
   610  0701  2F03               	goto	u241
   611  0702  2F04               	goto	u240
   612  0703                     u241:	
   613  0703  2EE6               	goto	l763
   614  0704                     u240:	
   615  0704                     l771:	
   616  0704  0875               	movf	___wmul@product+1,w
   617  0705  00F1               	movwf	?___wmul+1
   618  0706  0874               	movf	___wmul@product,w
   619  0707  00F0               	movwf	?___wmul
   620  0708                     l149:	
   621  0708  0008               	return
   622  0709                     __end_of___wmul:	
   623                           
   624                           	psect	text3
   625  0795                     __ptext3:	
   626 ;; *************** function ___awdiv *****************
   627 ;; Defined at:
   628 ;;		line 5 in file "C:\Program Files (x86)\Microchip\xc8\v2.10\pic\sources\c90\common\awdiv.c"
   629 ;; Parameters:    Size  Location     Type
   630 ;;  divisor         2    0[BANK0 ] int 
   631 ;;  dividend        2    2[BANK0 ] int 
   632 ;; Auto vars:     Size  Location     Type
   633 ;;  quotient        2    6[BANK0 ] int 
   634 ;;  sign            1    5[BANK0 ] unsigned char 
   635 ;;  counter         1    4[BANK0 ] unsigned char 
   636 ;; Return value:  Size  Location     Type
   637 ;;                  2    0[BANK0 ] int 
   638 ;; Registers used:
   639 ;;		wreg, status,2, status,0
   640 ;; Tracked objects:
   641 ;;		On entry : 0/0
   642 ;;		On exit  : 0/0
   643 ;;		Unchanged: 0/0
   644 ;; Data sizes:     COMMON   BANK0   BANK1   BANK2
   645 ;;      Params:         0       4       0       0
   646 ;;      Locals:         0       4       0       0
   647 ;;      Temps:          1       0       0       0
   648 ;;      Totals:         1       8       0       0
   649 ;;Total ram usage:        9 bytes
   650 ;; Hardware stack levels used:    1
   651 ;; This function calls:
   652 ;;		Nothing
   653 ;; This function is called by:
   654 ;;		_main
   655 ;; This function uses a non-reentrant model
   656 ;;
   657                           
   658                           
   659                           ;psect for function ___awdiv
   660  0795                     ___awdiv:	
   661  0795                     l793:	
   662                           ;incstack = 0
   663                           ; Regs used in ___awdiv: [wreg+status,2+status,0]
   664                           
   665  0795  1283               	bcf	3,5	;RP0=0, select bank0
   666  0796  1303               	bcf	3,6	;RP1=0, select bank0
   667  0797  01A5               	clrf	___awdiv@sign
   668  0798                     l795:	
   669  0798  1FA1               	btfss	___awdiv@divisor+1,7
   670  0799  2F9B               	goto	u271
   671  079A  2F9C               	goto	u270
   672  079B                     u271:	
   673  079B  2FA3               	goto	l801
   674  079C                     u270:	
   675  079C                     l797:	
   676  079C  09A0               	comf	___awdiv@divisor,f
   677  079D  09A1               	comf	___awdiv@divisor+1,f
   678  079E  0AA0               	incf	___awdiv@divisor,f
   679  079F  1903               	skipnz
   680  07A0  0AA1               	incf	___awdiv@divisor+1,f
   681  07A1                     l799:	
   682  07A1  01A5               	clrf	___awdiv@sign
   683  07A2  0AA5               	incf	___awdiv@sign,f
   684  07A3                     l801:	
   685  07A3  1FA3               	btfss	___awdiv@dividend+1,7
   686  07A4  2FA6               	goto	u281
   687  07A5  2FA7               	goto	u280
   688  07A6                     u281:	
   689  07A6  2FB0               	goto	l807
   690  07A7                     u280:	
   691  07A7                     l803:	
   692  07A7  09A2               	comf	___awdiv@dividend,f
   693  07A8  09A3               	comf	___awdiv@dividend+1,f
   694  07A9  0AA2               	incf	___awdiv@dividend,f
   695  07AA  1903               	skipnz
   696  07AB  0AA3               	incf	___awdiv@dividend+1,f
   697  07AC                     l805:	
   698  07AC  3001               	movlw	1
   699  07AD  00FB               	movwf	??___awdiv
   700  07AE  087B               	movf	??___awdiv,w
   701  07AF  06A5               	xorwf	___awdiv@sign,f
   702  07B0                     l807:	
   703  07B0  01A6               	clrf	___awdiv@quotient
   704  07B1  01A7               	clrf	___awdiv@quotient+1
   705  07B2                     l809:	
   706  07B2  0820               	movf	___awdiv@divisor,w
   707  07B3  0421               	iorwf	___awdiv@divisor+1,w
   708  07B4  1903               	btfsc	3,2
   709  07B5  2FB7               	goto	u291
   710  07B6  2FB8               	goto	u290
   711  07B7                     u291:	
   712  07B7  2FEF               	goto	l829
   713  07B8                     u290:	
   714  07B8                     l811:	
   715  07B8  01A4               	clrf	___awdiv@counter
   716  07B9  0AA4               	incf	___awdiv@counter,f
   717  07BA  2FC6               	goto	l817
   718  07BB                     l813:	
   719  07BB  3001               	movlw	1
   720  07BC                     u305:	
   721  07BC  1003               	clrc
   722  07BD  0DA0               	rlf	___awdiv@divisor,f
   723  07BE  0DA1               	rlf	___awdiv@divisor+1,f
   724  07BF  3EFF               	addlw	-1
   725  07C0  1D03               	skipz
   726  07C1  2FBC               	goto	u305
   727  07C2                     l815:	
   728  07C2  3001               	movlw	1
   729  07C3  00FB               	movwf	??___awdiv
   730  07C4  087B               	movf	??___awdiv,w
   731  07C5  07A4               	addwf	___awdiv@counter,f
   732  07C6                     l817:	
   733  07C6  1FA1               	btfss	___awdiv@divisor+1,7
   734  07C7  2FC9               	goto	u311
   735  07C8  2FCA               	goto	u310
   736  07C9                     u311:	
   737  07C9  2FBB               	goto	l813
   738  07CA                     u310:	
   739  07CA                     l819:	
   740  07CA  3001               	movlw	1
   741  07CB                     u325:	
   742  07CB  1003               	clrc
   743  07CC  0DA6               	rlf	___awdiv@quotient,f
   744  07CD  0DA7               	rlf	___awdiv@quotient+1,f
   745  07CE  3EFF               	addlw	-1
   746  07CF  1D03               	skipz
   747  07D0  2FCB               	goto	u325
   748  07D1  0821               	movf	___awdiv@divisor+1,w
   749  07D2  0223               	subwf	___awdiv@dividend+1,w
   750  07D3  1D03               	skipz
   751  07D4  2FD7               	goto	u335
   752  07D5  0820               	movf	___awdiv@divisor,w
   753  07D6  0222               	subwf	___awdiv@dividend,w
   754  07D7                     u335:	
   755  07D7  1C03               	skipc
   756  07D8  2FDA               	goto	u331
   757  07D9  2FDB               	goto	u330
   758  07DA                     u331:	
   759  07DA  2FE2               	goto	l825
   760  07DB                     u330:	
   761  07DB                     l821:	
   762  07DB  0820               	movf	___awdiv@divisor,w
   763  07DC  02A2               	subwf	___awdiv@dividend,f
   764  07DD  0821               	movf	___awdiv@divisor+1,w
   765  07DE  1C03               	skipc
   766  07DF  03A3               	decf	___awdiv@dividend+1,f
   767  07E0  02A3               	subwf	___awdiv@dividend+1,f
   768  07E1                     l823:	
   769  07E1  1426               	bsf	___awdiv@quotient,0
   770  07E2                     l825:	
   771  07E2  3001               	movlw	1
   772  07E3                     u345:	
   773  07E3  1003               	clrc
   774  07E4  0CA1               	rrf	___awdiv@divisor+1,f
   775  07E5  0CA0               	rrf	___awdiv@divisor,f
   776  07E6  3EFF               	addlw	-1
   777  07E7  1D03               	skipz
   778  07E8  2FE3               	goto	u345
   779  07E9                     l827:	
   780  07E9  3001               	movlw	1
   781  07EA  02A4               	subwf	___awdiv@counter,f
   782  07EB  1D03               	btfss	3,2
   783  07EC  2FEE               	goto	u351
   784  07ED  2FEF               	goto	u350
   785  07EE                     u351:	
   786  07EE  2FCA               	goto	l819
   787  07EF                     u350:	
   788  07EF                     l829:	
   789  07EF  0825               	movf	___awdiv@sign,w
   790  07F0  1903               	btfsc	3,2
   791  07F1  2FF3               	goto	u361
   792  07F2  2FF4               	goto	u360
   793  07F3                     u361:	
   794  07F3  2FF9               	goto	l833
   795  07F4                     u360:	
   796  07F4                     l831:	
   797  07F4  09A6               	comf	___awdiv@quotient,f
   798  07F5  09A7               	comf	___awdiv@quotient+1,f
   799  07F6  0AA6               	incf	___awdiv@quotient,f
   800  07F7  1903               	skipnz
   801  07F8  0AA7               	incf	___awdiv@quotient+1,f
   802  07F9                     l833:	
   803  07F9  0827               	movf	___awdiv@quotient+1,w
   804  07FA  00A1               	movwf	?___awdiv+1
   805  07FB  0826               	movf	___awdiv@quotient,w
   806  07FC  00A0               	movwf	?___awdiv
   807  07FD                     l300:	
   808  07FD  0008               	return
   809  07FE                     __end_of___awdiv:	
   810  007E                     btemp	set	126	;btemp
   811  007E                     wtemp0	set	126


Data Sizes:
    Strings     0
    Constant    0
    Data        0
    BSS         0
    Persistent  0
    Stack       0

Auto Spaces:
    Space          Size  Autos    Used
    COMMON           14     14      14
    BANK0            80     11      11
    BANK1            80      0       0
    BANK2            48      0       0

Pointer List with Targets:

    None.

Critical Paths under _main in COMMON

    _main->___awdiv
    _calc_distance->___wmul
    ___awdiv->_calc_distance

Critical Paths under _main in BANK0

    _main->___awdiv

Critical Paths under _main in BANK1

    None.

Critical Paths under _main in BANK2

    None.

Call Graph Tables:

 ---------------------------------------------------------------------------------
 (Depth) Function   	        Calls       Base Space   Used Autos Params    Refs
 ---------------------------------------------------------------------------------
 (0) _main                                                 5     5      0     810
                                             12 COMMON     2     2      0
                                              8 BANK0      3     3      0
                            ___awdiv
                      _calc_distance
 ---------------------------------------------------------------------------------
 (1) _calc_distance                                        5     3      2     268
                                              6 COMMON     5     3      2
                             ___wmul
 ---------------------------------------------------------------------------------
 (2) ___wmul                                               6     2      4     244
                                              0 COMMON     6     2      4
 ---------------------------------------------------------------------------------
 (1) ___awdiv                                              9     5      4     452
                                             11 COMMON     1     1      0
                                              0 BANK0      8     4      4
                      _calc_distance (ARG)
 ---------------------------------------------------------------------------------
 Estimated maximum stack depth 2
 ---------------------------------------------------------------------------------

 Call Graph Graphs:

 _main (ROOT)
   ___awdiv
     _calc_distance (ARG)
       ___wmul
   _calc_distance
     ___wmul

 Address spaces:
Name               Size   Autos  Total    Cost      Usage
BITCOMMON            E      0       0       0        0.0%
EEDATA              80      0       0       0        0.0%
NULL                 0      0       0       0        0.0%
CODE                 0      0       0       0        0.0%
COMMON               E      E       E       1      100.0%
BITSFR0              0      0       0       1        0.0%
SFR0                 0      0       0       1        0.0%
BITSFR1              0      0       0       2        0.0%
SFR1                 0      0       0       2        0.0%
STACK                0      0       0       2        0.0%
BANK0               50      B       B       3       13.8%
BITSFR3              0      0       0       4        0.0%
SFR3                 0      0       0       4        0.0%
ABS                  0      0       0       4        0.0%
BITBANK0            50      0       0       5        0.0%
BITSFR2              0      0       0       5        0.0%
SFR2                 0      0       0       5        0.0%
BITBANK1            50      0       0       6        0.0%
BANK1               50      0       0       7        0.0%
BITBANK2            30      0       0       8        0.0%
BANK2               30      0       0       9        0.0%
DATA                 0      0       0      10        0.0%


Microchip Technology PIC Macro Assembler V2.10 build 88905656 
Symbol Table                                                                                   Fri Feb 19 10:22:15 2021

            __CFG_CP$OFF 0000                       l40 0717                       l45 0736  
                     l39 071B                       l57 078F             ___awdiv@sign 0025  
    ___wmul@multiplicand 0072                      l300 07FD                      l147 06F0  
                    l149 0708                      l801 07A3                      l811 07B8  
                    l803 07A7                      l821 07DB                      l813 07BB  
                    l805 07AC                      l831 07F4                      l823 07E1  
                    l815 07C2                      l807 07B0                      l833 07F9  
                    l825 07E2                      l817 07C6                      l809 07B2  
                    l761 06E4                      l841 0745                      l827 07E9  
                    l819 07CA                      l771 0704                      l763 06E6  
                    l851 0774                      l843 0759                      l829 07EF  
                    l765 06EA                      l781 0713                      l853 077B  
                    l845 075D                      l837 0737                      l767 06F7  
                    l783 0720                      l775 0709                      l863 0786  
                    l847 0763                      l839 0745                      l793 0795  
                    l769 06FE                      l785 0722                      l777 070D  
                    l865 078D                      l857 077D                      l849 0764  
                    l795 0798                      l787 0726                      l779 070E  
                    l859 0784                      l797 079C                      l789 0732  
                    l799 07A1                      _RB0 0030                      _RB1 0031  
                    _RB2 0032                      _RB3 0033                      _RB4 0034  
                    _RB5 0035                      u210 06EA                      u211 06E9  
                    u310 07CA                      u311 07C9                      u240 0704  
                    u400 078D                      u305 07BC                      u241 0703  
                    u225 06F1                      u401 078C                      u330 07DB  
                    u250 071F                      u331 07DA                      u235 06F8  
                    u251 071E                      u260 0726                      u325 07CB  
                    u261 0725                      u350 07EF                      u270 079C  
                    u351 07EE                      u335 07D7                      u271 079B  
                    u360 07F4                      u280 07A7                      u361 07F3  
                    u345 07E3                      u281 07A6                      u417 076C  
                    u290 07B8                      u370 0763             __CFG_CPD$OFF 0000  
                    u291 07B7                      u427 0710                      u371 0762  
                    u380 077B                      u381 077A                      u390 0784  
                    u391 0783             __CFG_FOSC$HS 0000             __CFG_LVP$OFF 0000  
                   _TMR1 000E                     _main 0737                     btemp 007E  
                   start 0000                    ?_main 0070          __end_of___awdiv 07FE  
          __CFG_WDTE$OFF 0000          ___awdiv@divisor 0020          ___awdiv@counter 0024  
         __CFG_BOREN$OFF 0000                    status 0003                    wtemp0 007E  
        __initialization 07FE             __end_of_main 0795                   ??_main 0028  
       ___awdiv@dividend 0022                   _TMR1CS 0081                   _TMR1ON 0080  
                 _TRISB0 0430                   _TRISB1 0431                   _TRISB2 0432  
                 _TRISB3 0433                   _TRISB4 0434                   _TRISB5 0435  
         __CFG_PWRTE$OFF 0000                   ___wmul 06E4                ??___awdiv 007B  
       ___awdiv@quotient 0026  __end_of__initialization 07FE   __size_of_calc_distance 002E  
         __pcstackCOMMON 0070               __pmaintext 0737                  ?___wmul 0070  
                _T1CKPS0 0084                  _T1CKPS1 0085            _calc_distance 0709  
                ___awdiv 0795          __size_of___wmul 0025                  __ptext1 0709  
                __ptext2 06E4                  __ptext3 0795           ?_calc_distance 0076  
   end_of_initialization 07FE           __end_of___wmul 0709          ??_calc_distance 0078  
    start_initialization 07FE                 ??___wmul 0074                ___latbits 0000  
          __pcstackBANK0 0020                 ?___awdiv 0020         main@the_distance 007C  
         ___wmul@product 0074        ___wmul@multiplier 0070         __size_of___awdiv 0069  
          __size_of_main 005E    __end_of_calc_distance 0737    calc_distance@distance 0079  
